 2022-04-24T00:47:43,586 [INFO] io.application.ElectionApiDataApplication Starting ElectionApiDataApplication using Java 11.0.14.1 on chetan-Inspiron-5509 with PID 106161 (/home/chetan/Documents/eVoting_backend-master/target/classes started by chetan in /home/chetan/Documents/eVoting_backend-master)
 2022-04-24T00:47:43,590 [INFO] io.application.ElectionApiDataApplication No active profile set, falling back to default profiles: default
 2022-04-24T00:47:43,957 [INFO] org.springframework.data.repository.config.RepositoryConfigurationDelegate Bootstrapping Spring Data JPA repositories in DEFAULT mode.
 2022-04-24T00:47:43,994 [INFO] org.springframework.data.repository.config.RepositoryConfigurationDelegate Finished Spring Data repository scanning in 31 ms. Found 3 JPA repository interfaces.
 2022-04-24T00:47:44,454 [INFO] org.springframework.boot.web.embedded.tomcat.TomcatWebServer Tomcat initialized with port(s): 8083 (http)
 2022-04-24T00:47:44,459 [INFO] org.apache.coyote.http11.Http11NioProtocol Initializing ProtocolHandler ["http-nio-8083"]
 2022-04-24T00:47:44,460 [INFO] org.apache.catalina.core.StandardService Starting service [Tomcat]
 2022-04-24T00:47:44,460 [INFO] org.apache.catalina.core.StandardEngine Starting Servlet engine: [Apache Tomcat/9.0.56]
 2022-04-24T00:47:44,520 [INFO] org.apache.catalina.core.ContainerBase.[Tomcat].[localhost].[/] Initializing Spring embedded WebApplicationContext
 2022-04-24T00:47:44,520 [INFO] org.springframework.boot.web.servlet.context.ServletWebServerApplicationContext Root WebApplicationContext: initialization completed in 899 ms
 2022-04-24T00:47:44,614 [INFO] org.hibernate.jpa.internal.util.LogHelper HHH000204: Processing PersistenceUnitInfo [name: default]
 2022-04-24T00:47:44,653 [INFO] org.hibernate.Version HHH000412: Hibernate ORM core version 5.6.4.Final
 2022-04-24T00:47:44,734 [INFO] org.hibernate.annotations.common.Version HCANN000001: Hibernate Commons Annotations {5.1.2.Final}
 2022-04-24T00:47:44,804 [INFO] com.zaxxer.hikari.HikariDataSource HikariPool-1 - Starting...
 2022-04-24T00:47:45,053 [INFO] com.zaxxer.hikari.HikariDataSource HikariPool-1 - Start completed.
 2022-04-24T00:47:45,065 [INFO] org.hibernate.dialect.Dialect HHH000400: Using dialect: org.hibernate.dialect.MySQL8Dialect
 2022-04-24T00:47:45,453 [INFO] org.hibernate.engine.transaction.jta.platform.internal.JtaPlatformInitiator HHH000490: Using JtaPlatform implementation: [org.hibernate.engine.transaction.jta.platform.internal.NoJtaPlatform]
 2022-04-24T00:47:45,458 [INFO] org.springframework.orm.jpa.LocalContainerEntityManagerFactoryBean Initialized JPA EntityManagerFactory for persistence unit 'default'
 2022-04-24T00:47:45,834 [WARN] org.springframework.boot.autoconfigure.orm.jpa.JpaBaseConfiguration$JpaWebConfiguration spring.jpa.open-in-view is enabled by default. Therefore, database queries may be performed during view rendering. Explicitly configure spring.jpa.open-in-view to disable this warning
 2022-04-24T00:47:45,954 [INFO] org.springframework.security.web.DefaultSecurityFilterChain Will secure Or [Ant [pattern='/admin/**']] with [org.springframework.security.web.context.request.async.WebAsyncManagerIntegrationFilter@29a50a11, org.springframework.security.web.context.SecurityContextPersistenceFilter@58932d08, org.springframework.security.web.header.HeaderWriterFilter@6cb3463b, org.springframework.security.web.csrf.CsrfFilter@556843a5, org.springframework.security.web.authentication.logout.LogoutFilter@2f2d8770, org.springframework.security.web.authentication.UsernamePasswordAuthenticationFilter@6e612122, org.springframework.security.web.authentication.ui.DefaultLoginPageGeneratingFilter@1d57b8f1, org.springframework.security.web.authentication.ui.DefaultLogoutPageGeneratingFilter@74cff17c, org.springframework.security.web.authentication.www.BasicAuthenticationFilter@279e8bc0, org.springframework.security.web.savedrequest.RequestCacheAwareFilter@e344f14, org.springframework.security.web.servletapi.SecurityContextHolderAwareRequestFilter@575e862c, org.springframework.security.web.authentication.AnonymousAuthenticationFilter@7a053795, org.springframework.security.web.session.SessionManagementFilter@4536a09a, org.springframework.security.web.access.ExceptionTranslationFilter@764a3867, org.springframework.security.web.access.intercept.FilterSecurityInterceptor@3d99d327]
 2022-04-24T00:47:45,958 [INFO] org.springframework.security.web.DefaultSecurityFilterChain Will secure any request with [org.springframework.security.web.context.request.async.WebAsyncManagerIntegrationFilter@79c2bc34, org.springframework.security.web.context.SecurityContextPersistenceFilter@4b9d2cee, org.springframework.security.web.header.HeaderWriterFilter@57bfca3a, org.springframework.security.web.authentication.logout.LogoutFilter@1a5a4f8, org.springframework.security.web.authentication.UsernamePasswordAuthenticationFilter@17063c32, org.springframework.security.web.savedrequest.RequestCacheAwareFilter@1a390b8c, org.springframework.security.web.servletapi.SecurityContextHolderAwareRequestFilter@337eeceb, org.springframework.security.web.authentication.AnonymousAuthenticationFilter@77925f76, org.springframework.security.web.session.SessionManagementFilter@58690f5e, org.springframework.security.web.access.ExceptionTranslationFilter@92b1bda, org.springframework.security.web.access.intercept.FilterSecurityInterceptor@178ebac3]
 2022-04-24T00:47:46,237 [INFO] org.apache.coyote.http11.Http11NioProtocol Starting ProtocolHandler ["http-nio-8083"]
 2022-04-24T00:47:46,246 [INFO] org.springframework.boot.web.embedded.tomcat.TomcatWebServer Tomcat started on port(s): 8083 (http) with context path ''
 2022-04-24T00:47:46,255 [INFO] io.application.ElectionApiDataApplication Started ElectionApiDataApplication in 2.908 seconds (JVM running for 3.698)
 2022-04-24T00:47:53,712 [INFO] org.springframework.orm.jpa.LocalContainerEntityManagerFactoryBean Closing JPA EntityManagerFactory for persistence unit 'default'
 2022-04-24T00:47:53,713 [INFO] org.hibernate.tool.schema.internal.SchemaDropperImpl$DelayedDropActionImpl HHH000477: Starting delayed evictData of schema as part of SessionFactory shut-down'
 2022-04-24T00:47:53,747 [INFO] com.zaxxer.hikari.HikariDataSource HikariPool-1 - Shutdown initiated...
 2022-04-24T00:47:53,754 [INFO] com.zaxxer.hikari.HikariDataSource HikariPool-1 - Shutdown completed.
 2022-04-24T00:48:01,478 [INFO] io.application.ElectionApiDataApplication Starting ElectionApiDataApplication using Java 11.0.14.1 on chetan-Inspiron-5509 with PID 106268 (/home/chetan/Documents/eVoting_backend-master/target/classes started by chetan in /home/chetan/Documents/eVoting_backend-master)
 2022-04-24T00:48:01,482 [INFO] io.application.ElectionApiDataApplication No active profile set, falling back to default profiles: default
 2022-04-24T00:48:01,841 [INFO] org.springframework.data.repository.config.RepositoryConfigurationDelegate Bootstrapping Spring Data JPA repositories in DEFAULT mode.
 2022-04-24T00:48:01,874 [INFO] org.springframework.data.repository.config.RepositoryConfigurationDelegate Finished Spring Data repository scanning in 27 ms. Found 3 JPA repository interfaces.
 2022-04-24T00:48:02,312 [INFO] org.springframework.boot.web.embedded.tomcat.TomcatWebServer Tomcat initialized with port(s): 8083 (http)
 2022-04-24T00:48:02,317 [INFO] org.apache.coyote.http11.Http11NioProtocol Initializing ProtocolHandler ["http-nio-8083"]
 2022-04-24T00:48:02,317 [INFO] org.apache.catalina.core.StandardService Starting service [Tomcat]
 2022-04-24T00:48:02,318 [INFO] org.apache.catalina.core.StandardEngine Starting Servlet engine: [Apache Tomcat/9.0.56]
 2022-04-24T00:48:02,378 [INFO] org.apache.catalina.core.ContainerBase.[Tomcat].[localhost].[/] Initializing Spring embedded WebApplicationContext
 2022-04-24T00:48:02,379 [INFO] org.springframework.boot.web.servlet.context.ServletWebServerApplicationContext Root WebApplicationContext: initialization completed in 867 ms
 2022-04-24T00:48:02,465 [INFO] org.hibernate.jpa.internal.util.LogHelper HHH000204: Processing PersistenceUnitInfo [name: default]
 2022-04-24T00:48:02,501 [INFO] org.hibernate.Version HHH000412: Hibernate ORM core version 5.6.4.Final
 2022-04-24T00:48:02,568 [INFO] org.hibernate.annotations.common.Version HCANN000001: Hibernate Commons Annotations {5.1.2.Final}
 2022-04-24T00:48:02,627 [INFO] com.zaxxer.hikari.HikariDataSource HikariPool-1 - Starting...
 2022-04-24T00:48:02,836 [INFO] com.zaxxer.hikari.HikariDataSource HikariPool-1 - Start completed.
 2022-04-24T00:48:02,846 [INFO] org.hibernate.dialect.Dialect HHH000400: Using dialect: org.hibernate.dialect.MySQL8Dialect
 2022-04-24T00:48:03,255 [INFO] org.hibernate.engine.transaction.jta.platform.internal.JtaPlatformInitiator HHH000490: Using JtaPlatform implementation: [org.hibernate.engine.transaction.jta.platform.internal.NoJtaPlatform]
 2022-04-24T00:48:03,260 [INFO] org.springframework.orm.jpa.LocalContainerEntityManagerFactoryBean Initialized JPA EntityManagerFactory for persistence unit 'default'
 2022-04-24T00:48:03,586 [WARN] org.springframework.boot.autoconfigure.orm.jpa.JpaBaseConfiguration$JpaWebConfiguration spring.jpa.open-in-view is enabled by default. Therefore, database queries may be performed during view rendering. Explicitly configure spring.jpa.open-in-view to disable this warning
 2022-04-24T00:48:03,698 [INFO] org.springframework.security.web.DefaultSecurityFilterChain Will secure Or [Ant [pattern='/admin/**']] with [org.springframework.security.web.context.request.async.WebAsyncManagerIntegrationFilter@23ffc910, org.springframework.security.web.context.SecurityContextPersistenceFilter@603faaad, org.springframework.security.web.header.HeaderWriterFilter@4b9dc62f, org.springframework.security.web.csrf.CsrfFilter@7c2e88b9, org.springframework.security.web.authentication.logout.LogoutFilter@4fc2933e, org.springframework.security.web.authentication.UsernamePasswordAuthenticationFilter@7f31937b, org.springframework.security.web.authentication.ui.DefaultLoginPageGeneratingFilter@79e9c14, org.springframework.security.web.authentication.ui.DefaultLogoutPageGeneratingFilter@35277c6c, org.springframework.security.web.authentication.www.BasicAuthenticationFilter@4d793390, org.springframework.security.web.savedrequest.RequestCacheAwareFilter@28d16af8, org.springframework.security.web.servletapi.SecurityContextHolderAwareRequestFilter@21bd6fd1, org.springframework.security.web.authentication.AnonymousAuthenticationFilter@7a364e1c, org.springframework.security.web.session.SessionManagementFilter@2f9236d8, org.springframework.security.web.access.ExceptionTranslationFilter@69e8b711, org.springframework.security.web.access.intercept.FilterSecurityInterceptor@51d9fd30]
 2022-04-24T00:48:03,701 [INFO] org.springframework.security.web.DefaultSecurityFilterChain Will secure any request with [org.springframework.security.web.context.request.async.WebAsyncManagerIntegrationFilter@6d4c7248, org.springframework.security.web.context.SecurityContextPersistenceFilter@92b1bda, org.springframework.security.web.header.HeaderWriterFilter@662d3e85, org.springframework.security.web.authentication.logout.LogoutFilter@1a390b8c, org.springframework.security.web.authentication.UsernamePasswordAuthenticationFilter@c6c58ce, org.springframework.security.web.savedrequest.RequestCacheAwareFilter@57bfca3a, org.springframework.security.web.servletapi.SecurityContextHolderAwareRequestFilter@58690f5e, org.springframework.security.web.authentication.AnonymousAuthenticationFilter@178ebac3, org.springframework.security.web.session.SessionManagementFilter@5598dff2, org.springframework.security.web.access.ExceptionTranslationFilter@39dce2df, org.springframework.security.web.access.intercept.FilterSecurityInterceptor@43e86c0c]
 2022-04-24T00:48:03,960 [INFO] org.apache.coyote.http11.Http11NioProtocol Starting ProtocolHandler ["http-nio-8083"]
 2022-04-24T00:48:03,968 [INFO] org.springframework.boot.web.embedded.tomcat.TomcatWebServer Tomcat started on port(s): 8083 (http) with context path ''
 2022-04-24T00:48:03,976 [INFO] io.application.ElectionApiDataApplication Started ElectionApiDataApplication in 2.726 seconds (JVM running for 3.391)
 2022-04-24T00:48:24,355 [INFO] org.apache.catalina.core.ContainerBase.[Tomcat].[localhost].[/] Initializing Spring DispatcherServlet 'dispatcherServlet'
 2022-04-24T00:48:24,356 [INFO] org.springframework.web.servlet.DispatcherServlet Initializing Servlet 'dispatcherServlet'
 2022-04-24T00:48:24,357 [INFO] org.springframework.web.servlet.DispatcherServlet Completed initialization in 1 ms
 2022-04-24T00:49:51,687 [INFO] org.springframework.orm.jpa.LocalContainerEntityManagerFactoryBean Closing JPA EntityManagerFactory for persistence unit 'default'
 2022-04-24T00:49:51,687 [INFO] org.hibernate.tool.schema.internal.SchemaDropperImpl$DelayedDropActionImpl HHH000477: Starting delayed evictData of schema as part of SessionFactory shut-down'
 2022-04-24T00:49:51,728 [INFO] com.zaxxer.hikari.HikariDataSource HikariPool-1 - Shutdown initiated...
 2022-04-24T00:49:51,733 [INFO] com.zaxxer.hikari.HikariDataSource HikariPool-1 - Shutdown completed.
 2022-04-24T15:44:52,690 [INFO] io.application.ElectionApiDataApplication Starting ElectionApiDataApplication using Java 11.0.14.1 on chetan-Inspiron-5509 with PID 265125 (/home/chetan/Documents/eVoting_backend-master/target/classes started by chetan in /home/chetan/Documents/eVoting_backend-master)
 2022-04-24T15:44:52,695 [INFO] io.application.ElectionApiDataApplication No active profile set, falling back to default profiles: default
 2022-04-24T15:44:53,075 [INFO] org.springframework.data.repository.config.RepositoryConfigurationDelegate Bootstrapping Spring Data JPA repositories in DEFAULT mode.
 2022-04-24T15:44:53,107 [INFO] org.springframework.data.repository.config.RepositoryConfigurationDelegate Finished Spring Data repository scanning in 27 ms. Found 3 JPA repository interfaces.
 2022-04-24T15:44:53,562 [INFO] org.springframework.boot.web.embedded.tomcat.TomcatWebServer Tomcat initialized with port(s): 8083 (http)
 2022-04-24T15:44:53,567 [INFO] org.apache.coyote.http11.Http11NioProtocol Initializing ProtocolHandler ["http-nio-8083"]
 2022-04-24T15:44:53,567 [INFO] org.apache.catalina.core.StandardService Starting service [Tomcat]
 2022-04-24T15:44:53,567 [INFO] org.apache.catalina.core.StandardEngine Starting Servlet engine: [Apache Tomcat/9.0.56]
 2022-04-24T15:44:53,630 [INFO] org.apache.catalina.core.ContainerBase.[Tomcat].[localhost].[/] Initializing Spring embedded WebApplicationContext
 2022-04-24T15:44:53,630 [INFO] org.springframework.boot.web.servlet.context.ServletWebServerApplicationContext Root WebApplicationContext: initialization completed in 906 ms
 2022-04-24T15:44:53,727 [INFO] org.hibernate.jpa.internal.util.LogHelper HHH000204: Processing PersistenceUnitInfo [name: default]
 2022-04-24T15:44:53,757 [INFO] org.hibernate.Version HHH000412: Hibernate ORM core version 5.6.4.Final
 2022-04-24T15:44:53,841 [INFO] org.hibernate.annotations.common.Version HCANN000001: Hibernate Commons Annotations {5.1.2.Final}
 2022-04-24T15:44:53,910 [INFO] com.zaxxer.hikari.HikariDataSource HikariPool-1 - Starting...
 2022-04-24T15:44:54,190 [INFO] com.zaxxer.hikari.HikariDataSource HikariPool-1 - Start completed.
 2022-04-24T15:44:54,212 [INFO] org.hibernate.dialect.Dialect HHH000400: Using dialect: org.hibernate.dialect.MySQL8Dialect
 2022-04-24T15:44:54,666 [INFO] org.hibernate.engine.transaction.jta.platform.internal.JtaPlatformInitiator HHH000490: Using JtaPlatform implementation: [org.hibernate.engine.transaction.jta.platform.internal.NoJtaPlatform]
 2022-04-24T15:44:54,671 [INFO] org.springframework.orm.jpa.LocalContainerEntityManagerFactoryBean Initialized JPA EntityManagerFactory for persistence unit 'default'
 2022-04-24T15:44:55,021 [WARN] org.springframework.boot.autoconfigure.orm.jpa.JpaBaseConfiguration$JpaWebConfiguration spring.jpa.open-in-view is enabled by default. Therefore, database queries may be performed during view rendering. Explicitly configure spring.jpa.open-in-view to disable this warning
 2022-04-24T15:44:55,128 [INFO] org.springframework.security.web.DefaultSecurityFilterChain Will secure Or [Ant [pattern='/admin/**']] with [org.springframework.security.web.context.request.async.WebAsyncManagerIntegrationFilter@1d38cdde, org.springframework.security.web.context.SecurityContextPersistenceFilter@69e8b711, org.springframework.security.web.header.HeaderWriterFilter@50f6ecab, org.springframework.security.web.csrf.CsrfFilter@1e18876d, org.springframework.security.web.authentication.logout.LogoutFilter@3f62d56, org.springframework.security.web.authentication.UsernamePasswordAuthenticationFilter@6003eb60, org.springframework.security.web.authentication.ui.DefaultLoginPageGeneratingFilter@28d16af8, org.springframework.security.web.authentication.ui.DefaultLogoutPageGeneratingFilter@3809f65d, org.springframework.security.web.authentication.www.BasicAuthenticationFilter@7f31937b, org.springframework.security.web.savedrequest.RequestCacheAwareFilter@d99df7a, org.springframework.security.web.servletapi.SecurityContextHolderAwareRequestFilter@16cbba0f, org.springframework.security.web.authentication.AnonymousAuthenticationFilter@717b0d81, org.springframework.security.web.session.SessionManagementFilter@58647985, org.springframework.security.web.access.ExceptionTranslationFilter@7b1d2f65, org.springframework.security.web.access.intercept.FilterSecurityInterceptor@22ee1ad7]
 2022-04-24T15:44:55,131 [INFO] org.springframework.security.web.DefaultSecurityFilterChain Will secure any request with [org.springframework.security.web.context.request.async.WebAsyncManagerIntegrationFilter@2987b699, org.springframework.security.web.context.SecurityContextPersistenceFilter@6bdad3bb, org.springframework.security.web.header.HeaderWriterFilter@337fb1a5, org.springframework.security.web.authentication.logout.LogoutFilter@4b62f1ba, org.springframework.security.web.authentication.UsernamePasswordAuthenticationFilter@236a3e4, org.springframework.security.web.savedrequest.RequestCacheAwareFilter@73eae5f, org.springframework.security.web.servletapi.SecurityContextHolderAwareRequestFilter@4902c584, org.springframework.security.web.authentication.AnonymousAuthenticationFilter@2d36add1, org.springframework.security.web.session.SessionManagementFilter@38b0e2a7, org.springframework.security.web.access.ExceptionTranslationFilter@328bc067, org.springframework.security.web.access.intercept.FilterSecurityInterceptor@4693d24f]
 2022-04-24T15:44:55,374 [INFO] org.apache.coyote.http11.Http11NioProtocol Starting ProtocolHandler ["http-nio-8083"]
 2022-04-24T15:44:55,383 [INFO] org.springframework.boot.web.embedded.tomcat.TomcatWebServer Tomcat started on port(s): 8083 (http) with context path ''
 2022-04-24T15:44:55,393 [INFO] io.application.ElectionApiDataApplication Started ElectionApiDataApplication in 2.915 seconds (JVM running for 3.739)
 2022-04-24T15:45:21,014 [INFO] org.apache.catalina.core.ContainerBase.[Tomcat].[localhost].[/] Initializing Spring DispatcherServlet 'dispatcherServlet'
 2022-04-24T15:45:21,014 [INFO] org.springframework.web.servlet.DispatcherServlet Initializing Servlet 'dispatcherServlet'
 2022-04-24T15:45:21,016 [INFO] org.springframework.web.servlet.DispatcherServlet Completed initialization in 2 ms
 2022-04-24T15:47:22,514 [INFO] org.springframework.orm.jpa.LocalContainerEntityManagerFactoryBean Closing JPA EntityManagerFactory for persistence unit 'default'
 2022-04-24T15:47:22,515 [INFO] org.hibernate.tool.schema.internal.SchemaDropperImpl$DelayedDropActionImpl HHH000477: Starting delayed evictData of schema as part of SessionFactory shut-down'
 2022-04-24T15:47:22,545 [INFO] com.zaxxer.hikari.HikariDataSource HikariPool-1 - Shutdown initiated...
 2022-04-24T15:47:22,551 [INFO] com.zaxxer.hikari.HikariDataSource HikariPool-1 - Shutdown completed.
 2022-04-25T21:54:25,523 [INFO] io.application.ElectionApiDataApplication Starting ElectionApiDataApplication using Java 11.0.14.1 on chetan-Inspiron-5509 with PID 471656 (/home/chetan/Documents/eVoting_backend-master/target/classes started by chetan in /home/chetan/Documents/eVoting_backend-master)
 2022-04-25T21:54:25,530 [INFO] io.application.ElectionApiDataApplication No active profile set, falling back to default profiles: default
 2022-04-25T21:54:26,041 [INFO] org.springframework.data.repository.config.RepositoryConfigurationDelegate Bootstrapping Spring Data JPA repositories in DEFAULT mode.
 2022-04-25T21:54:26,073 [INFO] org.springframework.data.repository.config.RepositoryConfigurationDelegate Finished Spring Data repository scanning in 26 ms. Found 3 JPA repository interfaces.
 2022-04-25T21:54:26,535 [INFO] org.springframework.boot.web.embedded.tomcat.TomcatWebServer Tomcat initialized with port(s): 8083 (http)
 2022-04-25T21:54:26,542 [INFO] org.apache.coyote.http11.Http11NioProtocol Initializing ProtocolHandler ["http-nio-8083"]
 2022-04-25T21:54:26,542 [INFO] org.apache.catalina.core.StandardService Starting service [Tomcat]
 2022-04-25T21:54:26,542 [INFO] org.apache.catalina.core.StandardEngine Starting Servlet engine: [Apache Tomcat/9.0.56]
 2022-04-25T21:54:26,604 [INFO] org.apache.catalina.core.ContainerBase.[Tomcat].[localhost].[/] Initializing Spring embedded WebApplicationContext
 2022-04-25T21:54:26,604 [INFO] org.springframework.boot.web.servlet.context.ServletWebServerApplicationContext Root WebApplicationContext: initialization completed in 1027 ms
 2022-04-25T21:54:26,704 [INFO] org.hibernate.jpa.internal.util.LogHelper HHH000204: Processing PersistenceUnitInfo [name: default]
 2022-04-25T21:54:26,735 [INFO] org.hibernate.Version HHH000412: Hibernate ORM core version 5.6.4.Final
 2022-04-25T21:54:26,824 [INFO] org.hibernate.annotations.common.Version HCANN000001: Hibernate Commons Annotations {5.1.2.Final}
 2022-04-25T21:54:26,899 [INFO] com.zaxxer.hikari.HikariDataSource HikariPool-1 - Starting...
 2022-04-25T21:54:27,143 [INFO] com.zaxxer.hikari.HikariDataSource HikariPool-1 - Start completed.
 2022-04-25T21:54:27,155 [INFO] org.hibernate.dialect.Dialect HHH000400: Using dialect: org.hibernate.dialect.MySQL8Dialect
 2022-04-25T21:54:27,599 [INFO] org.hibernate.engine.transaction.jta.platform.internal.JtaPlatformInitiator HHH000490: Using JtaPlatform implementation: [org.hibernate.engine.transaction.jta.platform.internal.NoJtaPlatform]
 2022-04-25T21:54:27,604 [INFO] org.springframework.orm.jpa.LocalContainerEntityManagerFactoryBean Initialized JPA EntityManagerFactory for persistence unit 'default'
 2022-04-25T21:54:27,987 [WARN] org.springframework.boot.autoconfigure.orm.jpa.JpaBaseConfiguration$JpaWebConfiguration spring.jpa.open-in-view is enabled by default. Therefore, database queries may be performed during view rendering. Explicitly configure spring.jpa.open-in-view to disable this warning
 2022-04-25T21:54:28,103 [INFO] org.springframework.security.web.DefaultSecurityFilterChain Will secure Or [Ant [pattern='/admin/**']] with [org.springframework.security.web.context.request.async.WebAsyncManagerIntegrationFilter@29a50a11, org.springframework.security.web.context.SecurityContextPersistenceFilter@58932d08, org.springframework.security.web.header.HeaderWriterFilter@4536a09a, org.springframework.security.web.csrf.CsrfFilter@3db5195, org.springframework.security.web.authentication.logout.LogoutFilter@2f2d8770, org.springframework.security.web.authentication.UsernamePasswordAuthenticationFilter@6e612122, org.springframework.security.web.authentication.ui.DefaultLoginPageGeneratingFilter@1d57b8f1, org.springframework.security.web.authentication.ui.DefaultLogoutPageGeneratingFilter@74cff17c, org.springframework.security.web.authentication.www.BasicAuthenticationFilter@279e8bc0, org.springframework.security.web.savedrequest.RequestCacheAwareFilter@e344f14, org.springframework.security.web.servletapi.SecurityContextHolderAwareRequestFilter@575e862c, org.springframework.security.web.authentication.AnonymousAuthenticationFilter@7a053795, org.springframework.security.web.session.SessionManagementFilter@16cbba0f, org.springframework.security.web.access.ExceptionTranslationFilter@67e1a5fd, org.springframework.security.web.access.intercept.FilterSecurityInterceptor@3d99d327]
 2022-04-25T21:54:28,106 [INFO] org.springframework.security.web.DefaultSecurityFilterChain Will secure any request with [org.springframework.security.web.context.request.async.WebAsyncManagerIntegrationFilter@79c2bc34, org.springframework.security.web.context.SecurityContextPersistenceFilter@4b9d2cee, org.springframework.security.web.header.HeaderWriterFilter@57bfca3a, org.springframework.security.web.authentication.logout.LogoutFilter@1a5a4f8, org.springframework.security.web.authentication.UsernamePasswordAuthenticationFilter@17063c32, org.springframework.security.web.savedrequest.RequestCacheAwareFilter@1a390b8c, org.springframework.security.web.servletapi.SecurityContextHolderAwareRequestFilter@337eeceb, org.springframework.security.web.authentication.AnonymousAuthenticationFilter@77925f76, org.springframework.security.web.session.SessionManagementFilter@58690f5e, org.springframework.security.web.access.ExceptionTranslationFilter@92b1bda, org.springframework.security.web.access.intercept.FilterSecurityInterceptor@178ebac3]
 2022-04-25T21:54:28,358 [INFO] org.apache.coyote.http11.Http11NioProtocol Starting ProtocolHandler ["http-nio-8083"]
 2022-04-25T21:54:28,367 [INFO] org.springframework.boot.web.embedded.tomcat.TomcatWebServer Tomcat started on port(s): 8083 (http) with context path ''
 2022-04-25T21:54:28,375 [INFO] io.application.ElectionApiDataApplication Started ElectionApiDataApplication in 3.147 seconds (JVM running for 3.996)
 2022-04-25T21:54:44,527 [INFO] org.apache.catalina.core.ContainerBase.[Tomcat].[localhost].[/] Initializing Spring DispatcherServlet 'dispatcherServlet'
 2022-04-25T21:54:44,528 [INFO] org.springframework.web.servlet.DispatcherServlet Initializing Servlet 'dispatcherServlet'
 2022-04-25T21:54:44,529 [INFO] org.springframework.web.servlet.DispatcherServlet Completed initialization in 1 ms
 2022-04-25T21:58:00,056 [INFO] org.springframework.orm.jpa.LocalContainerEntityManagerFactoryBean Closing JPA EntityManagerFactory for persistence unit 'default'
 2022-04-25T21:58:00,056 [INFO] org.hibernate.tool.schema.internal.SchemaDropperImpl$DelayedDropActionImpl HHH000477: Starting delayed evictData of schema as part of SessionFactory shut-down'
 2022-04-25T21:58:00,105 [INFO] com.zaxxer.hikari.HikariDataSource HikariPool-1 - Shutdown initiated...
 2022-04-25T21:58:00,115 [INFO] com.zaxxer.hikari.HikariDataSource HikariPool-1 - Shutdown completed.
